Client ready to receive 20 blocks to fill 320x200 pixels.
Received 32x100 result at 0x0.
Received 32x100 result at 0x100.
Received 32x100 result at 32x0.
Received 32x100 result at 32x100.
Received 32x100 result at 64x0.
Received 32x100 result at 64x100.
Received 32x100 result at 96x0.
Received 32x100 result at 96x100.
Received 32x100 result at 128x0.
Received 32x100 result at 128x100.
Received 32x100 result at 160x0.
Received 32x100 result at 160x100.
Received 32x100 result at 192x0.
Received 32x100 result at 192x100.
Received 32x100 result at 224x0.
Received 32x100 result at 224x100.
Received 32x100 result at 256x0.
Received 32x100 result at 256x100.
85% complete
Received 32x100 result at 288x0.
Received 32x100 result at 288x100.
Total elapsed time: 10792 msec
Done, saving...
