Client ready to receive 200 blocks to fill 320x200 pixels.
Received 32x10 result at 0x0.
Received 32x10 result at 0x10.
Received 32x10 result at 0x20.
Received 32x10 result at 0x30.
Received 32x10 result at 0x40.
Received 32x10 result at 0x50.
Received 32x10 result at 0x60.
Received 32x10 result at 0x70.
Received 32x10 result at 0x80.
Received 32x10 result at 0x90.
Received 32x10 result at 0x100.
Received 32x10 result at 0x110.
Received 32x10 result at 0x120.
Received 32x10 result at 0x130.
Received 32x10 result at 0x140.
Received 32x10 result at 0x150.
Received 32x10 result at 0x160.
Received 32x10 result at 0x170.
Received 32x10 result at 0x180.
Received 32x10 result at 0x190.
Received 32x10 result at 32x0.
Received 32x10 result at 32x10.
Received 32x10 result at 32x20.
Received 32x10 result at 32x30.
Received 32x10 result at 32x40.
Received 32x10 result at 32x50.
Received 32x10 result at 32x60.
Received 32x10 result at 32x70.
Received 32x10 result at 32x80.
Received 32x10 result at 32x90.
Received 32x10 result at 32x100.
Received 32x10 result at 32x110.
Received 32x10 result at 32x120.
Received 32x10 result at 32x130.
Received 32x10 result at 32x140.
Received 32x10 result at 32x150.
Received 32x10 result at 32x160.
Received 32x10 result at 32x170.
Received 32x10 result at 32x180.
Received 32x10 result at 32x190.
Received 32x10 result at 64x0.
Received 32x10 result at 64x10.
Received 32x10 result at 64x20.
Received 32x10 result at 64x30.
Received 32x10 result at 64x40.
Received 32x10 result at 64x50.
Received 32x10 result at 64x60.
Received 32x10 result at 64x70.
Received 32x10 result at 64x80.
Received 32x10 result at 64x90.
Received 32x10 result at 64x100.
Received 32x10 result at 64x110.
Received 32x10 result at 64x120.
Received 32x10 result at 64x130.
Received 32x10 result at 64x140.
Received 32x10 result at 64x150.
Received 32x10 result at 64x160.
Received 32x10 result at 64x170.
Received 32x10 result at 64x180.
Received 32x10 result at 64x190.
Received 32x10 result at 96x0.
Received 32x10 result at 96x10.
Received 32x10 result at 96x20.
Received 32x10 result at 96x30.
Received 32x10 result at 96x40.
Received 32x10 result at 96x50.
Received 32x10 result at 96x60.
Received 32x10 result at 96x70.
Received 32x10 result at 96x80.
Received 32x10 result at 96x90.
Received 32x10 result at 96x100.
Received 32x10 result at 96x110.
Received 32x10 result at 96x120.
Received 32x10 result at 96x130.
Received 32x10 result at 96x140.
Received 32x10 result at 96x150.
Received 32x10 result at 96x160.
Received 32x10 result at 96x170.
Received 32x10 result at 96x180.
Received 32x10 result at 96x190.
Received 32x10 result at 128x0.
Received 32x10 result at 128x10.
Received 32x10 result at 128x20.
Received 32x10 result at 128x30.
Received 32x10 result at 128x40.
Received 32x10 result at 128x50.
Received 32x10 result at 128x60.
Received 32x10 result at 128x70.
Received 32x10 result at 128x80.
Received 32x10 result at 128x90.
Received 32x10 result at 128x100.
Received 32x10 result at 128x110.
Received 32x10 result at 128x120.
Received 32x10 result at 128x130.
Received 32x10 result at 128x140.
Received 32x10 result at 128x150.
Received 32x10 result at 128x160.
Received 32x10 result at 128x170.
Received 32x10 result at 128x180.
Received 32x10 result at 128x190.
Received 32x10 result at 160x0.
Received 32x10 result at 160x10.
Received 32x10 result at 160x20.
Received 32x10 result at 160x30.
Received 32x10 result at 160x40.
Received 32x10 result at 160x50.
Received 32x10 result at 160x60.
Received 32x10 result at 160x70.
Received 32x10 result at 160x80.
Received 32x10 result at 160x90.
Received 32x10 result at 160x100.
Received 32x10 result at 160x110.
Received 32x10 result at 160x120.
Received 32x10 result at 160x130.
Received 32x10 result at 160x140.
Received 32x10 result at 160x150.
Received 32x10 result at 160x160.
Received 32x10 result at 160x170.
Received 32x10 result at 160x180.
Received 32x10 result at 160x190.
Received 32x10 result at 192x0.
Received 32x10 result at 192x10.
Received 32x10 result at 192x20.
Received 32x10 result at 192x30.
Received 32x10 result at 192x40.
Received 32x10 result at 192x50.
Received 32x10 result at 192x60.
Received 32x10 result at 192x70.
Received 32x10 result at 192x80.
Received 32x10 result at 192x90.
Received 32x10 result at 192x100.
Received 32x10 result at 192x110.
Received 32x10 result at 192x120.
Received 32x10 result at 192x130.
Received 32x10 result at 192x140.
Received 32x10 result at 192x150.
Received 32x10 result at 192x160.
Received 32x10 result at 192x170.
Received 32x10 result at 192x180.
Received 32x10 result at 192x190.
Received 32x10 result at 224x0.
Received 32x10 result at 224x10.
Received 32x10 result at 224x20.
Received 32x10 result at 224x30.
71% complete
Received 32x10 result at 224x40.
Received 32x10 result at 224x50.
Received 32x10 result at 224x60.
Received 32x10 result at 224x70.
Received 32x10 result at 224x80.
Received 32x10 result at 224x90.
Received 32x10 result at 224x100.
Received 32x10 result at 224x110.
Received 32x10 result at 224x120.
Received 32x10 result at 224x130.
Received 32x10 result at 224x140.
Received 32x10 result at 224x150.
Received 32x10 result at 224x160.
Received 32x10 result at 224x170.
Received 32x10 result at 224x180.
Received 32x10 result at 224x190.
Received 32x10 result at 256x0.
Received 32x10 result at 256x10.
Received 32x10 result at 256x20.
Received 32x10 result at 256x30.
Received 32x10 result at 256x40.
Received 32x10 result at 256x50.
Received 32x10 result at 256x60.
Received 32x10 result at 256x70.
Received 32x10 result at 256x80.
Received 32x10 result at 256x90.
Received 32x10 result at 256x100.
Received 32x10 result at 256x110.
Received 32x10 result at 256x120.
Received 32x10 result at 256x130.
Received 32x10 result at 256x140.
Received 32x10 result at 256x150.
Received 32x10 result at 256x160.
Received 32x10 result at 256x170.
Received 32x10 result at 256x180.
Received 32x10 result at 256x190.
Received 32x10 result at 288x0.
Received 32x10 result at 288x10.
Received 32x10 result at 288x20.
Received 32x10 result at 288x30.
Received 32x10 result at 288x40.
Received 32x10 result at 288x50.
Received 32x10 result at 288x60.
Received 32x10 result at 288x70.
Received 32x10 result at 288x80.
Received 32x10 result at 288x90.
Received 32x10 result at 288x100.
Received 32x10 result at 288x110.
Received 32x10 result at 288x120.
Received 32x10 result at 288x130.
Received 32x10 result at 288x140.
Received 32x10 result at 288x150.
Received 32x10 result at 288x160.
Received 32x10 result at 288x170.
Received 32x10 result at 288x180.
Received 32x10 result at 288x190.
Total elapsed time: 12547 msec
Done, saving...
